 
 09.10.13@13:29 Somebody ordered

Email: zlodey@ukrpost.net
Phone: Здесь номер телефона с кодом
Color 
Glubina 18.87 shirina1000mm
Cena =18.87 cena montozha6.6045  
 sended 2:denis.kudriakov@gmail.com
 --------------- 
 09.10.13@13:36 Somebody ordered

Email: Здесь e-mail
Phone: 666
Color 
Glubina 18.87 shirina1000mm
Cena =18.87 cena montozha6.6045  
 sended 2:denis.kudriakov@gmail.com
 --------------- 
 09.10.13@16:38 Somebody ordered

Email: info@4okna.com
Phone: 0937990899
Color 
Glubina 18.87 shirina1460mm
Cena =27.5502 cena montozha9.64257  
 sended 2:denis.kudriakov@gmail.com
 --------------- 
 09.10.13@16:40 Somebody ordered

Email: hjlbj\"vlh.g 
Phone: 43479170
Color 
Glubina 18.87 shirina1000mm
Cena =18.87 cena montozha6.6045  
 sended 2:denis.kudriakov@gmail.com
 --------------- 
 09.10.13@16:43 Somebody ordered

Email: Здесь e-mail
Phone: 0574587
Color 
Glubina 18.87 shirina1000mm
Cena =18.87 cena montozha6.6045  
 sended 2:denis.kudriakov@gmail.com
 --------------- 
 09.10.13@17:37 Somebody ordered

Email: ормор
Phone: р55776
Color 
Glubina 18.87 shirina2685mm
Cena =50.66595 cena montozha17.7330825  
 sended 2:denis.kudriakov@gmail.com
 --------------- 
 15.10.13@17:49 Somebody ordered

Email: zlodey@ukrpost.nen
Phone: test
Color 
Glubina 18.87 shirina1000mm
Cena =18.87 cena montozha6.6045  
 sended 2:denis.kudriakov@gmail.com
 --------------- 
 23.10.13@18:08 Somebody ordered

Email: Здесь e-mail
Phone: 044 497 37 27
Color 
Glubina 15.73 shirina970mm
Cena =15.2581 cena montozha5.340335  
 sended 2:denis.kudriakov@gmail.com
 --------------- 
 29.10.13@20:33 Somebody ordered

Email: Здесь e-mail
Phone: 0504170996
Color 
Glubina 9.44 shirina2385mm
Cena =22.5144 cena montozha7.88004  
 sended 2:denis.kudriakov@gmail.com
 --------------- 
 30.10.13@16:55 Somebody ordered

Email: Здесь e-mail
Phone: 32434
Color 
cena za m 18.87  shirina :1000mm
Summa zakaza =18.87 + cena montozha:6.6045  
 sended 2:denis.kudriakov@gmail.com
 --------------- 
 30.10.13@17:04 Somebody ordered

Email: zlodey@ukrpost.net
Phone: 333
Color Оникс
cena za m 18.87  shirina :1000mm
Summa zakaza =18.87 + cena montozha:6.6045  
 sended 2:denis.kudriakov@gmail.com
 --------------- 
 30.10.13@17:05 Somebody ordered

Email: Здесь e-mail
Phone: 86768
Color Махагон
cena za m 18.87  shirina :1000mm
Summa zakaza =18.87 + cena montozha:6.6045  
 sended 2:denis.kudriakov@gmail.com
 --------------- 
 30.10.13@18:58 Somebody ordered

Email: 
Phone: 
Color 
cena za m   shirina :mm
Summa zakaza =0 + cena montozha:0  
 sended 2:denis.kudriakov@gmail.com
 --------------- 
 30.10.13@19:06 Somebody ordered

Email: 
Phone: 
Color 
cena za m   shirina :mm
Summa zakaza =0 + cena montozha:0  
 sended 2:denis.kudriakov@gmail.com
 --------------- 
 10.11.13@15:02 Somebody ordered

Email: tyk69@email.ua
Phone: Здесь номер телефона с кодом
Color Белый
cena za m 9.44  shirina :6000mm
Summa zakaza =56.64 + cena montozha:19.824  
 sended 2:denis.kudriakov@gmail.com
 --------------- 
 11.11.13@19:57 Somebody ordered

Email: vkaras80@gmail.com
Phone: 0674633128
Color Венге
cena za m 12.58  shirina :3340mm
Summa zakaza =42.0172 + cena montozha:14.70602  
 sended 2:denis.kudriakov@gmail.com
 --------------- 
 12.11.13@14:48 Somebody ordered

Email: test@test.com
Phone: Здесь номер телефона с кодом
Color Белый
cena za m 18.87  shirina :1000mm
Summa zakaza =18.87 + cena montozha:6.6045  
 sended 2:denis.kudriakov@gmail.com
 --------------- 
 15.11.13@15:47 Somebody ordered

Email: 
Phone: 
Color 
cena za m   shirina :mm
Summa zakaza =0 + cena montozha:0  
 sended 2:denis.kudriakov@gmail.com
 --------------- 
 17.11.13@16:00 Somebody ordered

Email: Здесь e-mail
Phone: 067 1331383
Color Бежевый мрамор
cena za m 18.87  shirina :5000mm
Summa zakaza =94.35 + cena montozha:33.0225  
 sended 2:denis.kudriakov@gmail.com
 --------------- 
 18.11.13@12:57 Somebody ordered

Email: demyanenko@ua.fm
Phone: Здесь номер телефона с кодом
Color Белый
cena za m 22.02  shirina :1000mm
Summa zakaza =22.02 + cena montozha:7.707  
 sended 2:denis.kudriakov@gmail.com
 --------------- 
 19.12.13@12:12 Somebody ordered

Email: vostok-1755@mail.ru
Phone: 0503269490
Color Бежевый мрамор
cena za m 25.17  shirina :1550mm
Summa zakaza =39.0135 + cena montozha:13.654725  
 sended 2:denis.kudriakov@gmail.com
 --------------- 
 20.01.14@06:29 Somebody ordered

Email: Здесь e-mail
Phone: 0989228436
Color Венге
cena za m 9.44  shirina :3200mm
Summa zakaza =30.208 + cena montozha:10.5728  
 sended 2:denis.kudriakov@gmail.com
 --------------- 
 04.02.14@12:45 Somebody ordered

Email: Здесь e-mail
Phone: 0994089307
Color Венге
cena za m 22.02  shirina :2000mm
Summa zakaza =44.04 + cena montozha:15.414  
 sended 2:denis.kudriakov@gmail.com
 --------------- 
 04.02.14@12:45 Somebody ordered

Email: Здесь e-mail
Phone: 0994089307
Color Венге
cena za m 22.02  shirina :2000mm
Summa zakaza =44.04 + cena montozha:15.414  
 sended 2:denis.kudriakov@gmail.com
 --------------- 
 04.02.14@12:45 Somebody ordered

Email: Здесь e-mail
Phone: 0994089307
Color Классическое дерево
cena za m 22.02  shirina :2000mm
Summa zakaza =44.04 + cena montozha:15.414  
 sended 2:denis.kudriakov@gmail.com
 --------------- 
 13.03.14@12:00 Somebody ordered

Email: Здесь e-mail
Phone: 0937990899
Color Белый
cena za m 21.70  shirina :1000mm
Summa zakaza =21.7 + cena montozha:7.595  
 sended 2:denis.kudriakov@gmail.com
 --------------- 
 06.04.14@22:57 Somebody ordered

Email: vita@4okna.com
Phone: Здесь номер телефона с кодом
Color Белый
cena za m 21.70  shirina :1000mm
Summa zakaza =21.7 + cena montozha:7.595  
 sended 2:denis.kudriakov@gmail.com
 --------------- 
 06.04.14@22:58 Somebody ordered

Email: Здесь e-mail
Phone: 0937990899
Color Белый
cena za m 21.70  shirina :1000mm
Summa zakaza =21.7 + cena montozha:7.595  
 sended 2:denis.kudriakov@gmail.com
 --------------- 
 11.04.14@03:40 Somebody ordered

Email: 
Phone: 
Color 
cena za m   shirina :mm
Summa zakaza =0 + cena montozha:0  
 sended 2:denis.kudriakov@gmail.com
 --------------- 
 16.04.14@19:42 Somebody ordered

Email: len200@mail.ru
Phone: +380503850339
Color Бежевый мрамор
cena za m 32.60  shirina :2120mm
Summa zakaza =69.112 + cena montozha:24.1892  
 sended 2:denis.kudriakov@gmail.com
 --------------- 
 19.05.14@23:58 Somebody ordered

Email: Здесь e-mail
Phone: 0937990899
Color Белый
cena za m 21.70  shirina :1000mm
Summa zakaza =21.7 + cena montozha:7.595  
 sended 2:denis.kudriakov@gmail.com
 --------------- 
 22.05.14@19:27 Somebody ordered

Email: Здесь e-mail
Phone: 0933060290
Color Белый
cena za m 21.70  shirina :1000mm
Summa zakaza =21.7 + cena montozha:7.595  
 sended 2:denis.kudriakov@gmail.com
 --------------- 
 22.05.14@22:05 Somebody ordered

Email: oriksan@bigmir.net
Phone: 0963124134
Color Белый
cena za m 21.70  shirina :1000mm
Summa zakaza =21.7 + cena montozha:7.595  
 sended 2:denis.kudriakov@gmail.com
 --------------- 
 26.05.14@11:29 Somebody ordered

Email: mashamelnychenko@mail.ru
Phone: 050-285-60-03
Color Белый
cena za m 18.10  shirina :7000mm
Summa zakaza =108.6 + cena montozha:38.01  
 sended 2:denis.kudriakov@gmail.com
 --------------- 
 26.05.14@11:29 Somebody ordered

Email: mashamelnychenko@mail.ru
Phone: 050-285-60-03
Color Белый
cena za m 10.90  shirina :3000mm
Summa zakaza =32.7 + cena montozha:11.445  
 sended 2:denis.kudriakov@gmail.com
 --------------- 
 02.06.14@16:56 Somebody ordered

Email: Здесь e-mail
Phone: 0965206443
Color Белый
cena za m 18.10  shirina :1900mm
Summa zakaza =34.39 + cena montozha:12.0365  
 sended 2:denis.kudriakov@gmail.com
 --------------- 
 03.06.14@00:23 Somebody ordered

Email: 
Phone: 
Color 
cena za m   shirina :mm
Summa zakaza =0 + cena montozha:0  
 sended 2:denis.kudriakov@gmail.com
 --------------- 
 03.06.14@17:09 Somebody ordered

Email: Здесь e-mail
Phone: +38(093)808-32-12
Color Белый
cena za m 7.20  shirina :1400mm
Summa zakaza =10.08 + cena montozha:3.528  
 sended 2:denis.kudriakov@gmail.com
 --------------- 
 03.06.14@17:09 Somebody ordered

Email: 
Phone: 
Color 
cena za m   shirina :mm
Summa zakaza =0 + cena montozha:0  
 sended 2:denis.kudriakov@gmail.com
 --------------- 
 10.06.14@21:03 Somebody ordered

Email: Здесь e-mail
Phone: 0503310929
Color Классическое дерево
cena za m 21.70  shirina :2500mm
Summa zakaza =54.25 + cena montozha:18.9875  
 sended 2:denis.kudriakov@gmail.com
 --------------- 
 12.06.14@12:41 Somebody ordered

Email: Tamara@casfilm.com
Phone: +380675097232
Color Белое дерево
cena za m 21.70  shirina :1650mm
Summa zakaza =35.805 + cena montozha:12.53175  
 sended 2:denis.kudriakov@gmail.com
 --------------- 
 12.06.14@15:08 Somebody ordered

Email: Здесь e-mail
Phone: 0442805970
Color Белый
cena za m 28.90  shirina :2215mm
Summa zakaza =64.0135 + cena montozha:22.404725  
 sended 2:denis.kudriakov@gmail.com
 --------------- 
 13.06.14@13:37 Somebody ordered

Email: deniska@lanos.com.ua
Phone: 0675022427
Color Оникс
cena za m 25.30  shirina :1800mm
Summa zakaza =45.54 + cena montozha:15.939  
 sended 2:denis.kudriakov@gmail.com
 --------------- 
 24.06.14@08:28 Somebody ordered

Email: brext2005@gmail.com
Phone: +380672205190
Color Белый
cena za m 14.50  shirina :1560mm
Summa zakaza =22.62 + cena montozha:7.917  
 sended 2:denis.kudriakov@gmail.com
 --------------- 
 24.06.14@08:29 Somebody ordered

Email: brext2005@gmail.com
Phone: +380672205190
Color Белый
cena za m 10.90  shirina :1600mm
Summa zakaza =17.44 + cena montozha:6.104  
 sended 2:denis.kudriakov@gmail.com
 --------------- 
 24.06.14@08:29 Somebody ordered

Email: brext2005@gmail.com
Phone: +380672205190
Color Белый
cena za m 7.20  shirina :2740mm
Summa zakaza =19.728 + cena montozha:6.9048  
 sended 2:denis.kudriakov@gmail.com
 --------------- 
 26.06.14@10:38 Somebody ordered

Email: Здесь e-mail
Phone: 050 448 5308
Color Белый
cena za m 25.30  shirina :1560mm
Summa zakaza =39.468 + cena montozha:13.8138  
 sended 2:denis.kudriakov@gmail.com
 --------------- 
 29.06.14@15:15 Somebody ordered

Email: Здесь e-mail
Phone: 0503347809
Color Классическое дерево
cena za m 10.90  shirina :15750mm
Summa zakaza =171.675 + cena montozha:60.08625  
 sended 2:denis.kudriakov@gmail.com
 --------------- 
 29.06.14@16:23 Somebody ordered

Email: Здесь e-mail
Phone: 0503347809
Color Классическое дерево
cena za m 10.90  shirina :2970mm
Summa zakaza =32.373 + cena montozha:11.33055  
 sended 2:denis.kudriakov@gmail.com
 --------------- 
 15.07.14@17:16 Somebody ordered

Email: Yulia_lysak@mail.ru
Phone: Здесь номер телефона с кодом
Color Оникс
cena za m 25.30  shirina :2000mm
Summa zakaza =50.6 + cena montozha:17.71  
 sended 2:denis.kudriakov@gmail.com
 --------------- 
 18.07.14@12:47 Somebody ordered

Email: Здесь e-mail
Phone: 0672335000
Color Белый
cena za m 32.60  shirina :2000mm
Summa zakaza =65.2 + cena montozha:22.82  
 sended 2:denis.kudriakov@gmail.com
 --------------- 
 18.07.14@12:47 Somebody ordered

Email: Здесь e-mail
Phone: 0672335000
Color Белый
cena za m 32.60  shirina :1200mm
Summa zakaza =39.12 + cena montozha:13.692  
 sended 2:denis.kudriakov@gmail.com
 --------------- 
 29.07.14@17:25 Somebody ordered

Email: Здесь e-mail
Phone: +380985901990
Color Белый
cena za m 28.90  shirina :3060mm
Summa zakaza =88.434 + cena montozha:30.9519  
 sended 2:denis.kudriakov@gmail.com
 --------------- 
 06.08.14@06:53 Somebody ordered

Email: kaluk_sergey@rambler.ru
Phone: 0677846980
Color Белый
cena za m 14.50  shirina :1250mm
Summa zakaza =18.125 + cena montozha:6.34375  
 sended 2:denis.kudriakov@gmail.com
 --------------- 
 06.08.14@06:54 Somebody ordered

Email: kaluk_sergey@rambler.ru
Phone: 0677846980
Color Белый
cena za m 18.10  shirina :1250mm
Summa zakaza =22.625 + cena montozha:7.91875  
 sended 2:denis.kudriakov@gmail.com
 --------------- 
 06.08.14@21:37 Somebody ordered

Email: Hitriktn@gmail.com
Phone: 0676598399
Color Белый
cena za m 21.70  shirina :2000mm
Summa zakaza =43.4 + cena montozha:15.19  
 sended 2:denis.kudriakov@gmail.com
 --------------- 
 11.08.14@13:16 Somebody ordered

Email: mobiplast@ukr.net
Phone: Здесь номер телефона с кодом
Color Оникс
cena za m 21.70  shirina :1950mm
Summa zakaza =42.315 + cena montozha:14.81025  
 sended 2:denis.kudriakov@gmail.com
 --------------- 
 13.08.14@21:54 Somebody ordered

Email: Здесь e-mail
Phone: 0509644015
Color Серый мрамор
cena za m 18.10  shirina :1685mm
Summa zakaza =30.4985 + cena montozha:10.674475  
 sended 2:denis.kudriakov@gmail.com
 --------------- 
 15.08.14@08:55 Somebody ordered

Email: Здесь e-mail
Phone: +380972675706
Color Венге
cena za m 28.90  shirina :1620mm
Summa zakaza =46.818 + cena montozha:16.3863  
 sended 2:denis.kudriakov@gmail.com
 --------------- 
 15.08.14@16:40 Somebody ordered

Email: wldr@ukr.net
Phone: 0971703273
Color Оникс
cena za m 32.60  shirina :1405mm
Summa zakaza =45.803 + cena montozha:16.03105  
 sended 2:denis.kudriakov@gmail.com
 --------------- 
 15.04.15@20:37 Somebody ordered

Email: Здесь e-mail
Phone: +380504894444
Color Серый мрамор
cena za m 38.96  shirina :1300mm
Summa zakaza =50.648 + cena montozha:17.7268  
 sended 2:denis.kudriakov@gmail.com
 --------------- 
 16.04.15@16:45 Somebody ordered

Email: Здесь e-mail
Phone: +380504894444
Color Серый мрамор
cena za m 38.96  shirina :1300mm
Summa zakaza =50.648 + cena montozha:17.7268  
 sended 2:denis.kudriakov@gmail.com
 --------------- 
 17.04.15@07:40 Somebody ordered

Email: Здесь e-mail
Phone: 0937990899
Color Белый
cena za m 19.48  shirina :1000mm
Summa zakaza =19.48 + cena montozha:6.818  
 sended 2:denis.kudriakov@gmail.com
 --------------- 
 22.04.15@09:10 Somebody ordered

Email: chizhov_Z@ukr.net
Phone: 0676897869
Color Белый
cena za m 19.48  shirina :860mm
Summa zakaza =16.7528 + cena montozha:5.86348  
 sended 2:denis.kudriakov@gmail.com
 --------------- 
 28.04.15@08:14 Somebody ordered

Email: gan.69@mail.ru
Phone: Здесь номер телефона с кодом
Color Белый
cena za m 25.97  shirina :1000mm
Summa zakaza =25.97 + cena montozha:9.0895  
 sended 2:denis.kudriakov@gmail.com
 --------------- 
 16.05.15@15:50 Somebody ordered

Email: solodka12@ukr.net
Phone: 0985885222
Color Белый
cena za m 19.48  shirina :1000mm
Summa zakaza =19.48 + cena montozha:6.818  
 sended 2:denis.kudriakov@gmail.com
 --------------- 
 18.05.15@07:20 Somebody ordered

Email: Здесь e-mail
Phone: 0636267541
Color Золотой дуб
cena za m 32.46  shirina :1550mm
Summa zakaza =50.313 + cena montozha:17.60955  
 sended 2:denis.kudriakov@gmail.com
 --------------- 
 18.05.15@10:15 Somebody ordered

Email: Здесь e-mail
Phone: 0937990899
Color Белый
cena za m 19.48  shirina :1000mm
Summa zakaza =19.48 + cena montozha:6.818  
 sended 2:denis.kudriakov@gmail.com
 --------------- 
 20.05.15@11:54 Somebody ordered

Email: Здесь e-mail
Phone: 050 334-89-08
Color Светлый дуб
cena za m 19.48  shirina :2000mm
Summa zakaza =38.96 + cena montozha:13.636  
 sended 2:denis.kudriakov@gmail.com
 --------------- 
 28.05.15@12:10 Somebody ordered

Email: Kostya.mykhailov@gmail.com
Phone: Здесь номер телефона с кодом
Color Белое дерево
cena za m 16.23  shirina :50mm
Summa zakaza =1.623 + cena montozha:0.56805  
 sended 2:denis.kudriakov@gmail.com
 --------------- 
 28.05.15@19:11 Somebody ordered

Email: Здесь e-mail
Phone: 0983190564
Color Белый
cena za m 19.48  shirina :1000mm
Summa zakaza =19.48 + cena montozha:6.818  
 sended 2:denis.kudriakov@gmail.com
 --------------- 
 14.06.15@02:58 Somebody ordered

Email: Olegplahotnuk@ukr.net
Phone: 0677076400
Color Венге
cena za m 16.23  shirina :1400mm
Summa zakaza =22.722 + cena montozha:7.9527  
 sended 2:denis.kudriakov@gmail.com
 --------------- 
 16.06.15@08:33 Somebody ordered

Email: Здесь e-mail
Phone: 0983190564
Color Белый
cena za m 16.23  shirina :1300mm
Summa zakaza =21.099 + cena montozha:7.38465  
 sended 2:denis.kudriakov@gmail.com
 --------------- 
 17.06.15@10:55 Somebody ordered

Email: Здесь e-mail
Phone: 050-3329788
Color Золотой дуб
cena za m 22.72  shirina :800mm
Summa zakaza =18.176 + cena montozha:6.3616  
 sended 2:denis.kudriakov@gmail.com
 --------------- 
 19.06.15@09:37 Somebody ordered

Email: Здесь e-mail
Phone: 380935228406
Color Светлый дуб
cena za m 16.23  shirina :1010mm
Summa zakaza =16.3923 + cena montozha:5.737305  
 sended 2:denis.kudriakov@gmail.com
 --------------- 
 21.06.15@11:28 Somebody ordered

Email: Здесь e-mail
Phone: Здесь номер телефона с кодом0985999666
Color Белый
cena za m 12.99  shirina :3000mm
Summa zakaza =38.97 + cena montozha:13.6395  
 sended 2:denis.kudriakov@gmail.com
 --------------- 
 23.06.15@09:08 Somebody ordered

Email: doctorgv@ukr.net
Phone: Здесь номер телефона с кодом
Color Белое дерево
cena za m 22.72  shirina :1445mm
Summa zakaza =32.8304 + cena montozha:11.49064  
 sended 2:denis.kudriakov@gmail.com
 --------------- 
 25.06.15@07:24 Somebody ordered

Email: helga.boiko@gmail.com
Phone: +380977041274
Color Светлый дуб
cena za m 25.97  shirina :1700mm
Summa zakaza =44.149 + cena montozha:15.45215  
 sended 2:denis.kudriakov@gmail.com
 --------------- 
 25.06.15@10:49 Somebody ordered

Email: 
Phone: 
Color 
cena za m   shirina :mm
Summa zakaza =0 + cena montozha:0  
 sended 2:denis.kudriakov@gmail.com
 --------------- 
 27.06.15@16:17 Somebody ordered

Email: Здесь e-mail
Phone: +380936370609
Color Светлый дуб
cena za m 45.53  shirina :5000mm
Summa zakaza =227.65 + cena montozha:79.6775  
 sended 2:denis.kudriakov@gmail.com
 --------------- 
 01.07.15@06:55 Somebody ordered

Email: Здесь e-mail
Phone: 0983190564
Color Белый
cena za m 16.26  shirina :1290mm
Summa zakaza =20.9754 + cena montozha:7.34139  
 sended 2:denis.kudriakov@gmail.com
 --------------- 
 05.07.15@17:50 Somebody ordered

Email: Здесь e-mail
Phone: 050 505 95 58
Color Белый
cena za m 45.53  shirina :1000mm
Summa zakaza =45.53 + cena montozha:15.9355  
 sended 2:denis.kudriakov@gmail.com
 --------------- 
 08.07.15@12:45 Somebody ordered

Email: kontur_2009@ukr.net
Phone: 097-440-64-73
Color Бежевый мрамор
cena za m 19.41  shirina :735mm
Summa zakaza =14.26635 + cena montozha:4.9932225  
 sended 2:denis.kudriakov@gmail.com
 --------------- 
 09.07.15@09:40 Somebody ordered

Email: Здесь e-mail
Phone: 067-888-100-5
Color Бежевый мрамор
cena za m 25.88  shirina :2000mm
Summa zakaza =51.76 + cena montozha:18.116  
 sended 2:denis.kudriakov@gmail.com
 --------------- 
 11.07.15@10:04 Somebody ordered

Email: sergei.podkorytov@gmail.com
Phone: Здесь номер телефона с кодом
Color Венге
cena za m 19.41  shirina :1000mm
Summa zakaza =19.41 + cena montozha:6.7935  
 sended 2:denis.kudriakov@gmail.com
 --------------- 
 17.07.15@07:52 Somebody ordered

Email: Здесь e-mail
Phone: 0672788126
Color Бежевый мрамор
cena za m 22.64  shirina :3300mm
Summa zakaza =74.712 + cena montozha:26.1492  
 sended 2:denis.kudriakov@gmail.com
 --------------- 
 20.07.15@09:00 Somebody ordered

Email: Здесь e-mail
Phone: 0983190564
Color Белый
cena za m 16.17  shirina :1260mm
Summa zakaza =20.3742 + cena montozha:7.13097  
 sended 2:denis.kudriakov@gmail.com
 --------------- 
 21.07.15@09:32 Somebody ordered

Email: M_malysheva@ukr.net
Phone: +380956956985
Color Бежевый мрамор
cena za m 12.94  shirina :1000mm
Summa zakaza =12.94 + cena montozha:4.529  
 sended 2:denis.kudriakov@gmail.com
 --------------- 
 22.07.15@19:54 Somebody ordered

Email: Здесь e-mail
Phone: 0681266231
Color Серый мрамор
cena za m 19.41  shirina :1900mm
Summa zakaza =36.879 + cena montozha:12.90765  
 sended 2:denis.kudriakov@gmail.com
 --------------- 
 23.07.15@07:23 Somebody ordered

Email: 
Phone: 
Color 
cena za m   shirina :mm
Summa zakaza =0 + cena montozha:0  
 sended 2:denis.kudriakov@gmail.com
 --------------- 
 23.07.15@16:05 Somebody ordered

Email: Здесь e-mail
Phone: 0977324935
Color Белый
cena za m 19.41  shirina :1405mm
Summa zakaza =27.27105 + cena montozha:9.5448675  
 sended 2:denis.kudriakov@gmail.com
 --------------- 
 24.07.15@18:57 Somebody ordered

Email: Здесь e-mail
Phone: 0662606833
Color Светлый дуб
cena za m 19.41  shirina :1700mm
Summa zakaza =32.997 + cena montozha:11.54895  
 sended 2:denis.kudriakov@gmail.com
 --------------- 
 26.07.15@12:14 Somebody ordered

Email: 
Phone: 
Color 
cena za m   shirina :mm
Summa zakaza =0 + cena montozha:0  
 sended 2:denis.kudriakov@gmail.com
 --------------- 
 27.07.15@07:58 Somebody ordered

Email: Здесь e-mail
Phone: 0674648514
Color Белый
cena za m 38.82  shirina :3884mm
Summa zakaza =150.8157 + cena montozha:52.785495  
 sended 2:denis.kudriakov@gmail.com
 --------------- 
 27.07.15@13:04 Somebody ordered

Email: Здесь e-mail
Phone: 380974334884
Color Белый
cena za m 16.17  shirina :2055mm
Summa zakaza =33.22935 + cena montozha:11.6302725  
 sended 2:denis.kudriakov@gmail.com
 --------------- 
 28.07.15@19:57 Somebody ordered

Email: Здесь e-mail
Phone: (093) 489-39-03
Color Белое дерево
cena za m 32.35  shirina :900mm
Summa zakaza =29.115 + cena montozha:10.19025  
 sended 2:denis.kudriakov@gmail.com
 --------------- 
 01.08.15@13:00 Somebody ordered

Email: Здесь e-mail
Phone: 2380778
Color Белый
cena za m 19.41  shirina :1000mm
Summa zakaza =19.41 + cena montozha:6.7935  
 sended 2:denis.kudriakov@gmail.com
 --------------- 
 03.08.15@12:13 Somebody ordered

Email: Здесь e-mail
Phone: 0504141687
Color Белый
cena za m 16.17  shirina :1450mm
Summa zakaza =23.4465 + cena montozha:8.206275  
 sended 2:denis.kudriakov@gmail.com
 --------------- 
 03.08.15@15:28 Somebody ordered

Email: nechayoleg@hotmail.com
Phone: 0674452949
Color Белое дерево
cena za m 19.41  shirina :6250mm
Summa zakaza =116.46 + cena montozha:40.761  
 sended 2:denis.kudriakov@gmail.com
 --------------- 
 04.08.15@07:58 Somebody ordered

Email: sae@fortius.com.ua
Phone: 0504692340
Color Белое дерево
cena za m 9.7  shirina :1400mm
Summa zakaza =13.58 + cena montozha:4.753  
 sended 2:denis.kudriakov@gmail.com
 --------------- 
 04.08.15@08:00 Somebody ordered

Email: sae@fortius.com.ua
Phone: 0504692340
Color Белое дерево
cena za m 19.41  shirina :1450mm
Summa zakaza =28.1445 + cena montozha:9.850575  
 sended 2:denis.kudriakov@gmail.com
 --------------- 
 05.08.15@09:42 Somebody ordered

Email: renault.vm@gmail.com
Phone: 80962590022
Color Белый
cena za m 6.47  shirina :3050mm
Summa zakaza =19.7335 + cena montozha:6.906725  
 sended 2:denis.kudriakov@gmail.com
 --------------- 
 15.08.15@17:29 Somebody ordered

Email: Angel_soul@inbox.ru
Phone: 0675017607
Color Бежевый мрамор
cena za m 19.41  shirina :7000mm
Summa zakaza =116.46 + cena montozha:40.761  
 sended 2:denis.kudriakov@gmail.com
 --------------- 
 16.08.15@10:49 Somebody ordered

Email: ezerskyi@mail.ru
Phone: 0662849388
Color Белый
cena za m 29.11  shirina :1050mm
Summa zakaza =30.5655 + cena montozha:10.697925  
 sended 2:denis.kudriakov@gmail.com
 --------------- 
 16.08.15@10:50 Somebody ordered

Email: ezerskyi@mail.ru
Phone: 0662849388
Color Коричневый дуб
cena za m 29.11  shirina :1050mm
Summa zakaza =30.5655 + cena montozha:10.697925  
 sended 2:denis.kudriakov@gmail.com
 --------------- 
 29.08.15@17:09 Somebody ordered

Email: isida_2007@ukr.net
Phone: 0984406088
Color Белый
cena za m 19.41  shirina :1000mm
Summa zakaza =19.41 + cena montozha:6.7935  
 sended 2:denis.kudriakov@gmail.com
 --------------- 
 30.08.15@09:20 Somebody ordered

Email: Здесь e-mail
Phone: 0679788229
Color Белый
cena za m 16.17  shirina :1725mm
Summa zakaza =27.89325 + cena montozha:9.7626375  
 sended 2:denis.kudriakov@gmail.com
 --------------- 
 30.08.15@18:49 Somebody ordered

Email: Здесь e-mail
Phone: +380967600398
Color Белый
cena za m 29.11  shirina :4000mm
Summa zakaza =116.44 + cena montozha:40.754  
 sended 2:denis.kudriakov@gmail.com
 --------------- 
 31.08.15@17:20 Somebody ordered

Email: adrea78@ukr.net
Phone: 0674304415
Color Серый мрамор
cena za m 22.64  shirina :1200mm
Summa zakaza =27.168 + cena montozha:9.5088  
 sended 2:denis.kudriakov@gmail.com
 --------------- 
 02.09.15@04:47 Somebody ordered

Email: Alexandraiz@ukr.net
Phone: 0675801119
Color Серый мрамор
cena za m 22.64  shirina :2500mm
Summa zakaza =56.6 + cena montozha:19.81  
 sended 2:denis.kudriakov@gmail.com
 --------------- 
 03.09.15@06:03 Somebody ordered

Email: olga_0612@ukr.net
Phone: 0504114788
Color Золотой дуб
cena za m 29.11  shirina :1300mm
Summa zakaza =37.843 + cena montozha:13.24505  
 sended 2:denis.kudriakov@gmail.com
 --------------- 
 04.09.15@13:52 Somebody ordered

Email: Malevich@mail.ru
Phone: +380963546858
Color Золотой дуб
cena za m 9.7  shirina :1100mm
Summa zakaza =10.67 + cena montozha:3.7345  
 sended 2:denis.kudriakov@gmail.com
 --------------- 
 04.09.15@13:53 Somebody ordered

Email: Malevich@mail.ru
Phone: +380963546858
Color Золотой дуб
cena za m 9.7  shirina :1100mm
Summa zakaza =10.67 + cena montozha:3.7345  
 sended 2:denis.kudriakov@gmail.com
 --------------- 
 04.09.15@13:53 Somebody ordered

Email: Malevich@mail.ru
Phone: +380963546858
Color Золотой дуб
cena za m 9.7  shirina :1100mm
Summa zakaza =10.67 + cena montozha:3.7345  
 sended 2:denis.kudriakov@gmail.com
 --------------- 
 04.09.15@14:33 Somebody ordered

Email: dmitrij.platonov@gmail.com
Phone: 0939090107
Color Белое дерево
cena za m 25.88  shirina :1700mm
Summa zakaza =43.996 + cena montozha:15.3986  
 sended 2:denis.kudriakov@gmail.com
 --------------- 
 05.09.15@12:29 Somebody ordered

Email: Здесь e-mail
Phone: 0508155983
Color Золотой дуб
cena za m 25.88  shirina :2000mm
Summa zakaza =51.76 + cena montozha:18.116  
 sended 2:denis.kudriakov@gmail.com
 --------------- 
 07.09.15@16:55 Somebody ordered

Email: Здесь e-mail
Phone: 0634954445
Color Белый
cena za m 19.41  shirina :1000mm
Summa zakaza =19.41 + cena montozha:6.7935  
 sended 2:denis.kudriakov@gmail.com
 --------------- 
 08.09.15@14:44 Somebody ordered

Email: trocnat@ukr.net
Phone: Здесь номер телефона с кодом
Color Бежевый мрамор
cena za m 16.17  shirina :1550mm
Summa zakaza =25.0635 + cena montozha:8.772225  
 sended 2:denis.kudriakov@gmail.com
 --------------- 
 13.09.15@16:38 Somebody ordered

Email: r.s.moroz@gmail.com
Phone: (068)716-50-25
Color Белое дерево
cena za m 32.35  shirina :800mm
Summa zakaza =25.88 + cena montozha:9.058  
 sended 2:denis.kudriakov@gmail.com
 --------------- 
 14.09.15@14:49 Somebody ordered

Email: Здесь e-mail
Phone: 0632203172
Color Белый
cena za m 12.94  shirina :1000mm
Summa zakaza =12.94 + cena montozha:4.529  
 sended 2:denis.kudriakov@gmail.com
 --------------- 
 14.09.15@23:49 Somebody ordered

Email: Pheniks97@gmail.com
Phone: 095-066-51-32
Color Золотой дуб
cena za m 9.7  shirina :800mm
Summa zakaza =7.76 + cena montozha:2.716  
 sended 2:denis.kudriakov@gmail.com
 --------------- 
 15.09.15@09:29 Somebody ordered

Email: 
Phone: 
Color 
cena za m   shirina :mm
Summa zakaza =0 + cena montozha:0  
 sended 2:denis.kudriakov@gmail.com
 --------------- 
 16.09.15@07:56 Somebody ordered

Email: Здесь e-mail
Phone: +380508071653
Color Венге
cena za m 22.64  shirina :4050mm
Summa zakaza =91.692 + cena montozha:32.0922  
 sended 2:denis.kudriakov@gmail.com
 --------------- 
 17.09.15@15:56 Somebody ordered

Email: svetlana.alandarenko@phh.com.ua
Phone: 050 470 51 45
Color Бежевый мрамор
cena za m 32.35  shirina :1850mm
Summa zakaza =59.8475 + cena montozha:20.946625  
 sended 2:denis.kudriakov@gmail.com
 --------------- 
 19.09.15@01:10 Somebody ordered

Email: 
Phone: 
Color 
cena za m   shirina :mm
Summa zakaza =0 + cena montozha:0  
 sended 2:denis.kudriakov@gmail.com
 --------------- 
 20.09.15@07:33 Somebody ordered

Email: olha.eyrikh@gmail.com
Phone: 380674071013
Color Белый
cena za m 6.47  shirina :1000mm
Summa zakaza =6.47 + cena montozha:2.2645  
 sended 2:denis.kudriakov@gmail.com
 --------------- 
 24.09.15@11:19 Somebody ordered

Email: Здесь e-mail
Phone: 0632203172
Color Белый
cena za m 12.94  shirina :1020mm
Summa zakaza =13.1988 + cena montozha:4.61958  
 sended 2:denis.kudriakov@gmail.com
 --------------- 
 01.10.15@12:50 Somebody ordered

Email: vadimelite@gmail.com
Phone: 050-727-59-95
Color Белое дерево
cena za m 6.47  shirina :3095mm
Summa zakaza =20.02465 + cena montozha:7.0086275  
 sended 2:denis.kudriakov@gmail.com
 --------------- 
 03.10.15@10:33 Somebody ordered

Email: Здесь e-mail
Phone: 0995256474
Color Оникс
cena za m 25.88  shirina :3000mm
Summa zakaza =77.64 + cena montozha:27.174  
 sended 2:denis.kudriakov@gmail.com
 --------------- 
 06.10.15@11:05 Somebody ordered

Email: Здесь e-mail
Phone: 0969122120
Color Коричневый дуб
cena za m 25.88  shirina :2100mm
Summa zakaza =54.348 + cena montozha:19.0218  
 sended 2:denis.kudriakov@gmail.com
 --------------- 
 09.10.15@17:50 Somebody ordered

Email: Здесь e-mail
Phone: 0666711361
Color Белый
cena za m 22.64  shirina :900mm
Summa zakaza =20.376 + cena montozha:7.1316  
 sended 2:denis.kudriakov@gmail.com
 --------------- 
 11.10.15@11:46 Somebody ordered

Email: Здесь e-mail
Phone: 0630250767
Color Белое дерево
cena za m 19.41  shirina :1530mm
Summa zakaza =29.6973 + cena montozha:10.394055  
 sended 2:denis.kudriakov@gmail.com
 --------------- 
 22.10.15@12:00 Somebody ordered

Email: Здесь e-mail
Phone: 0672609202
Color Белый
cena za m 19.41  shirina :2240mm
Summa zakaza =43.4784 + cena montozha:15.21744  
 sended 2:denis.kudriakov@gmail.com
 --------------- 
 07.11.15@16:28 Somebody ordered

Email: anya.martini@gmail.com
Phone: 0676078683
Color Бежевый мрамор
cena za m 9.7  shirina :800mm
Summa zakaza =7.76 + cena montozha:2.716  
 sended 2:denis.kudriakov@gmail.com
 --------------- 
 11.11.15@22:46 Somebody ordered

Email: Здесь e-mail
Phone: 0981559003
Color Венге
cena za m 29.1  shirina :1700mm
Summa zakaza =49.47 + cena montozha:17.3145  
 sended 2:denis.kudriakov@gmail.com
 --------------- 
 08.12.15@20:58 Somebody ordered

Email: Здесь e-mail
Phone: 0976705372
Color Белый
cena za m 16.17  shirina :1000mm
Summa zakaza =16.17 + cena montozha:5.6595  
 sended 2:denis.kudriakov@gmail.com
 --------------- 
 12.12.15@16:23 Somebody ordered

Email: Здесь e-mail
Phone: 0674663368
Color Бежевый мрамор
cena za m 16.17  shirina :mm
Summa zakaza =49.3185 + cena montozha:17.261475  
 sended 2:denis.kudriakov@gmail.com
 --------------- 
 14.12.15@02:02 Somebody ordered

Email: 
Phone: 
Color 
cena za m   shirina :mm
Summa zakaza =0 + cena montozha:0  
 sended 2:denis.kudriakov@gmail.com
 --------------- 
 14.12.15@12:17 Somebody ordered

Email: olgav6996@rambler.ru
Phone: 0674466996
Color Белый
cena za m 38.8  shirina :1850mm
Summa zakaza =71.78 + cena montozha:25.123  
 sended 2:denis.kudriakov@gmail.com
 --------------- 
 14.12.15@23:24 Somebody ordered

Email: 
Phone: 0672733784 Руслан
Color Белый
cena za m 32.34  shirina :1705mm
Summa zakaza =55.1397 + cena montozha:19.298895  
 sended 2:denis.kudriakov@gmail.com
 --------------- 
 16.12.15@21:15 Somebody ordered

Email: fel.yura@mail.ru
Phone: 0958728494
Color Белый
cena za m 22.63  shirina :1500mm
Summa zakaza =33.945 + cena montozha:11.88075  
 sended 2:denis.kudriakov@gmail.com
 --------------- 
 24.12.15@10:49 Somebody ordered

Email: svmartynova@mail.ru
Phone: 0504113435
Color Светлый дуб
cena za m 12.94  shirina :1100mm
Summa zakaza =14.234 + cena montozha:4.9819  
 sended 2:denis.kudriakov@gmail.com
 --------------- 
 26.12.15@13:01 Somebody ordered

Email: Здесь e-mail
Phone: +380985387322
Color Бежевый мрамор
cena za m 16.17  shirina :1600mm
Summa zakaza =25.872 + cena montozha:9.0552  
 sended 2:denis.kudriakov@gmail.com
 --------------- 
 27.12.15@20:49 Somebody ordered

Email: valuabodina@gmail.com
Phone: 0952193302
Color Золотой дуб
cena za m 19.4  shirina :1000mm
Summa zakaza =19.4 + cena montozha:6.79  
 sended 2:denis.kudriakov@gmail.com
 --------------- 
 28.12.15@10:37 Somebody ordered

Email: Y1000@ukr.net
Phone: 0688067373
Color Белое дерево
cena za m 32.34  shirina :3600mm
Summa zakaza =116.424 + cena montozha:40.7484  
 sended 2:denis.kudriakov@gmail.com
 --------------- 
 28.12.15@10:46 Somebody ordered

Email: 
Phone: 
Color 
cena za m   shirina :mm
Summa zakaza =0 + cena montozha:0  
 sended 2:denis.kudriakov@gmail.com
 --------------- 
 29.12.15@19:23 Somebody ordered

Email: 
Phone: 
Color 
cena za m   shirina :mm
Summa zakaza =0 + cena montozha:0  
 sended 2:denis.kudriakov@gmail.com
 --------------- 
 12.01.16@17:39 Somebody ordered

Email: 
Phone: 
Color 
cena za m   shirina :mm
Summa zakaza =0 + cena montozha:0  
 sended 2:denis.kudriakov@gmail.com
 --------------- 
 17.01.16@17:34 Somebody ordered

Email: Здесь e-mail
Phone: 0637616389
Color Белый
cena za m 16.17  shirina :1200mm
Summa zakaza =19.404 + cena montozha:6.7914  
 sended 2:denis.kudriakov@gmail.com
 --------------- 
 19.01.16@08:02 Somebody ordered

Email: Здесь e-mail
Phone: 0983190564
Color Бежевый мрамор
cena za m 9.7  shirina :5200mm
Summa zakaza =50.44 + cena montozha:17.654  
 sended 2:denis.kudriakov@gmail.com
 --------------- 
 20.01.16@14:29 Somebody ordered

Email: z@gmail.com
Phone: Здесь номер телефона с кодом
Color Белый
cena za m 19.4  shirina :1000mm
Summa zakaza =19.4 + cena montozha:6.79  
 sended 2:denis.kudriakov@gmail.com
 --------------- 
 26.01.16@09:59 Somebody ordered

Email: yavaev@voliacable.com
Phone: 0672459092
Color Белый
cena za m 32.34  shirina :1500mm
Summa zakaza =48.51 + cena montozha:16.9785  
 sended 2:denis.kudriakov@gmail.com
 --------------- 
 10.02.16@15:37 Somebody ordered

Email: atom50yandex.ru
Phone: 0994607037
Color Серый мрамор
cena za m 18.0  shirina :1004mm
Summa zakaza =18.09 + cena montozha:6.3315  
 sended 2:denis.kudriakov@gmail.com
 --------------- 
 01.03.16@19:40 Somebody ordered

Email: Здесь e-mail
Phone: 0677845663
Color Белый
cena za m 18.0  shirina :900mm
Summa zakaza =16.2 + cena montozha:5.67  
 sended 2:denis.kudriakov@gmail.com
 --------------- 
 05.03.16@13:17 Somebody ordered

Email: Здесь e-mail
Phone: 097 180 81 57
Color Белый
cena za m 21.0  shirina :1650mm
Summa zakaza =34.65 + cena montozha:12.1275  
 sended 2:denis.kudriakov@gmail.com
 --------------- 
 05.03.16@19:12 Somebody ordered

Email: 
Phone: 
Color 
cena za m   shirina :mm
Summa zakaza =0 + cena montozha:0  
 sended 2:denis.kudriakov@gmail.com
 --------------- 
 11.03.16@14:27 Somebody ordered

Email: Здесь e-mail
Phone: 0958777136
Color Венге
cena za m 24.0  shirina :800mm
Summa zakaza =19.2 + cena montozha:6.72  
 sended 2:denis.kudriakov@gmail.com
 --------------- 
 30.03.16@11:55 Somebody ordered

Email: Tashuk2008@ukr.net
Phone: 0973215045
Color Белый
cena za m 24.0  shirina :1900mm
Summa zakaza =45.6 + cena montozha:15.96  
 sended 2:denis.kudriakov@gmail.com
 --------------- 
 05.04.16@12:06 Somebody ordered

Email: bondarenko2010@gmail.com
Phone: 0953006121
Color Белый
cena za m 18.0  shirina :900mm
Summa zakaza =16.2 + cena montozha:5.67  
 sended 2:denis.kudriakov@gmail.com
 --------------- 
 25.04.16@20:28 Somebody ordered

Email: Здесь e-mail
Phone: 093-4193426
Color Белое дерево
cena za m 12.0  shirina :1000mm
Summa zakaza =12 + cena montozha:4.2  
 sended 2:denis.kudriakov@gmail.com
 --------------- 
 28.04.16@09:55 Somebody ordered

Email: Здесь e-mail
Phone: 067 308 0642
Color Белое дерево
cena za m 27.0  shirina :1750mm
Summa zakaza =47.25 + cena montozha:16.5375  
 sended 2:denis.kudriakov@gmail.com
 --------------- 
 09.05.16@11:44 Somebody ordered

Email: Здесь e-mail
Phone: 0504106007
Color Белый
cena za m 27.0  shirina :1660mm
Summa zakaza =44.82 + cena montozha:15.687  
 sended 2:denis.kudriakov@gmail.com
 --------------- 
 20.05.16@13:58 Somebody ordered

Email: Здесь e-mail
Phone: +380503849124
Color Белое дерево
cena za m 24.0  shirina :1900mm
Summa zakaza =45.6 + cena montozha:15.96  
 sended 2:denis.kudriakov@gmail.com
 --------------- 
 20.05.16@14:06 Somebody ordered

Email: 
Phone: 
Color 
cena za m   shirina :mm
Summa zakaza =0 + cena montozha:0  
 sended 2:denis.kudriakov@gmail.com
 --------------- 
 27.05.16@07:59 Somebody ordered

Email: Здесь e-mail
Phone: 0508766372
Color Белое дерево
cena za m 18.0  shirina :2920mm
Summa zakaza =52.56 + cena montozha:18.396  
 sended 2:denis.kudriakov@gmail.com
 --------------- 
 27.05.16@15:23 Somebody ordered

Email: op13@i.ua
Phone: 0503515961
Color Белый
cena za m 18.0  shirina :1020mm
Summa zakaza =18.36 + cena montozha:6.426  
 sended 2:denis.kudriakov@gmail.com
 --------------- 
 31.05.16@09:07 Somebody ordered

Email: Здесь e-mail
Phone: 095 55 43432
Color Белый
cena za m 36.0  shirina :1500mm
Summa zakaza =54 + cena montozha:18.9  
 sended 2:denis.kudriakov@gmail.com
 --------------- 
 02.06.16@10:57 Somebody ordered

Email: 
Phone: 
Color 
cena za m   shirina :mm
Summa zakaza =0 + cena montozha:0  
 sended 2:denis.kudriakov@gmail.com
 --------------- 
 06.06.16@11:54 Somebody ordered

Email: Здесь e-mail
Phone: 0630383783
Color Белое дерево
cena za m 18.0  shirina :1330mm
Summa zakaza =23.94 + cena montozha:8.379  
 sended 2:denis.kudriakov@gmail.com
 --------------- 
 06.06.16@16:22 Somebody ordered

Email: tgmavf@gmail.com
Phone: Здесь номер телефона с кодом
Color Белое дерево
cena za m 18.0  shirina :900mm
Summa zakaza =16.2 + cena montozha:5.67  
 sended 2:denis.kudriakov@gmail.com
 --------------- 
 17.06.16@11:20 Somebody ordered

Email: Здесь e-mail
Phone: +380634311932
Color Серый мрамор
cena za m 18.0  shirina :1550mm
Summa zakaza =27.9 + cena montozha:9.765  
 sended 2:denis.kudriakov@gmail.com
 --------------- 
 18.06.16@16:58 Somebody ordered

Email: Здесь e-mail
Phone: 0676598215
Color Белый
cena za m 12.0  shirina :1260mm
Summa zakaza =15.12 + cena montozha:5.292  
 sended 2:denis.kudriakov@gmail.com
 --------------- 
 29.06.16@01:26 Somebody ordered

Email: atp2-@ukr.net
Phone: Здесь номер телефона с кодом
Color Серый мрамор
cena za m 24.0  shirina :1800mm
Summa zakaza =43.2 + cena montozha:15.12  
 sended 2:denis.kudriakov@gmail.com
 --------------- 
 06.07.16@15:11 Somebody ordered

Email: Здесь e-mail
Phone: +380631441122
Color Белое дерево
cena za m 24.47  shirina :1800mm
Summa zakaza =44.046 + cena montozha:15.4161  
 sended 2:denis.kudriakov@gmail.com
 --------------- 
 06.07.16@17:04 Somebody ordered

Email: taras.sx@gmail.com
Phone: +380979890151
Color Белый
cena za m 21.4  shirina :225mm
Summa zakaza =4.815 + cena montozha:1.68525  
 sended 2:denis.kudriakov@gmail.com
 --------------- 
 13.07.16@10:34 Somebody ordered

Email: anticipation@bigmir.net
Phone: +380503514358
Color Белый
cena za m 18.43  shirina :1650mm
Summa zakaza =30.4095 + cena montozha:10.643325  
 sended 2:denis.kudriakov@gmail.com
 --------------- 
 14.07.16@08:53 Somebody ordered

Email: Здесь e-mail
Phone: 0673828904
Color Белое дерево
cena za m 18.43  shirina :24000mm
Summa zakaza =110.58 + cena montozha:38.703  
 sended 2:denis.kudriakov@gmail.com
 --------------- 
 15.07.16@17:19 Somebody ordered

Email: alekssanuch@i.ua
Phone: Здесь номер телефона с кодом
Color Белый
cena za m 36.85  shirina :2050mm
Summa zakaza =75.5425 + cena montozha:26.439875  
 sended 2:denis.kudriakov@gmail.com
 --------------- 
 26.07.16@14:59 Somebody ordered

Email: Здесь e-mail
Phone: 0664414111
Color Белый
cena za m 15.36  shirina :2150mm
Summa zakaza =33.024 + cena montozha:11.5584  
 sended 2:denis.kudriakov@gmail.com
 --------------- 
 26.07.16@19:37 Somebody ordered

Email: Здесь e-mail
Phone: 0967752323
Color Белый
cena za m 18.44  shirina :1000mm
Summa zakaza =18.44 + cena montozha:6.454  
 sended 2:denis.kudriakov@gmail.com
 --------------- 
 08.08.16@21:15 Somebody ordered

Email: advokatPV@ukr.net
Phone: Здесь номер телефона с кодом
Color Белый
cena za m 15.35  shirina :5000mm
Summa zakaza =76.75 + cena montozha:26.8625  
 sended 2:denis.kudriakov@gmail.com
 --------------- 
 08.08.16@23:10 Somebody ordered

Email: 
Phone: 
Color 
cena za m   shirina :mm
Summa zakaza =0 + cena montozha:0  
 sended 2:denis.kudriakov@gmail.com
 --------------- 
 10.08.16@07:14 Somebody ordered

Email: 
Phone: 
Color 
cena za m   shirina :mm
Summa zakaza =0 + cena montozha:0  
 sended 2:denis.kudriakov@gmail.com
 --------------- 
 10.08.16@19:20 Somebody ordered

Email: slyusarm@gmail.com
Phone: 0937347562
Color Белое дерево
cena za m 12.28  shirina :3820mm
Summa zakaza =46.9096 + cena montozha:16.41836  
 sended 2:denis.kudriakov@gmail.com
 --------------- 
 16.08.16@15:52 Somebody ordered

Email: Здесь e-mail
Phone: 0677845663
Color Белый
cena za m 27.32  shirina :1400mm
Summa zakaza =38.248 + cena montozha:13.3868  
 sended 2:denis.kudriakov@gmail.com
 --------------- 
 16.08.16@15:55 Somebody ordered

Email: 
Phone: 
Color 
cena za m   shirina :mm
Summa zakaza =0 + cena montozha:0  
 sended 2:denis.kudriakov@gmail.com
 --------------- 
 26.08.16@00:00 Somebody ordered

Email: Здесь e-mail
Phone: 0977877632
Color Белый
cena za m 12.72  shirina :1280mm
Summa zakaza =16.2816 + cena montozha:5.69856  
 sended 2:denis.kudriakov@gmail.com
 --------------- 
 29.08.16@11:43 Somebody ordered

Email: Здесь e-mail
Phone: 0933061171
Color Белое дерево
cena za m 15.9  shirina :3650mm
Summa zakaza =58.035 + cena montozha:20.31225  
 sended 2:denis.kudriakov@gmail.com
 --------------- 
 29.08.16@11:43 Somebody ordered

Email: Здесь e-mail
Phone: 0933061171
Color Белое дерево
cena za m 15.9  shirina :3650mm
Summa zakaza =58.035 + cena montozha:20.31225  
 sended 2:denis.kudriakov@gmail.com
 --------------- 
 29.08.16@15:55 Somebody ordered

Email: 
Phone: 
Color 
cena za m   shirina :mm
Summa zakaza =0 + cena montozha:0  
 sended 2:denis.kudriakov@gmail.com
 --------------- 
 03.09.16@21:52 Somebody ordered

Email: Здесь e-mail
Phone: 0933170716
Color Серый мрамор
cena za m 9.54  shirina :5560mm
Summa zakaza =53.0424 + cena montozha:18.56484  
 sended 2:denis.kudriakov@gmail.com
 --------------- 
 05.09.16@15:25 Somebody ordered

Email: Здесь e-mail
Phone: 0991408386
Color Белый
cena za m 15.9  shirina :1800mm
Summa zakaza =28.62 + cena montozha:10.017  
 sended 2:denis.kudriakov@gmail.com
 --------------- 
 09.09.16@11:04 Somebody ordered

Email: gerasymenkoph@gmail.com
Phone: +380934804438
Color Белый
cena za m 9.54  shirina :2500mm
Summa zakaza =23.85 + cena montozha:8.3475  
 sended 2:denis.kudriakov@gmail.com
 --------------- 
 09.09.16@17:47 Somebody ordered

Email: andrew.skakun@gmail.com
Phone: +380938909311
Color Белый
cena za m 22.26  shirina :3630mm
Summa zakaza =80.8038 + cena montozha:28.28133  
 sended 2:denis.kudriakov@gmail.com
 --------------- 
 12.09.16@12:34 Somebody ordered

Email: Здесь e-mail
Phone: 0937990899
Color Белый
cena za m 19.08  shirina :1000mm
Summa zakaza =19.08 + cena montozha:6.678  
 sended 2:denis.kudriakov@gmail.com
 --------------- 
 12.09.16@22:48 Somebody ordered

Email: nkrasnozhon@gmail.com
Phone: Здесь номер телефона с кодом
Color Белое дерево
cena za m 22.26  shirina :1010mm
Summa zakaza =22.4826 + cena montozha:7.86891  
 sended 2:denis.kudriakov@gmail.com
 --------------- 
 14.09.16@10:07 Somebody ordered

Email: Здесь e-mail
Phone: 0954414019
Color Белый
cena za m 9.54  shirina :3200mm
Summa zakaza =30.528 + cena montozha:10.6848  
 sended 2:denis.kudriakov@gmail.com
 --------------- 
 14.09.16@23:50 Somebody ordered

Email: Здесь e-mail
Phone: 0991409445
Color Белый
cena za m 31.80  shirina :150mm
Summa zakaza =4.77 + cena montozha:1.6695  
 sended 2:denis.kudriakov@gmail.com
 --------------- 
 15.09.16@16:11 Somebody ordered

Email: 
Phone: 
Color 
cena za m   shirina :mm
Summa zakaza =0 + cena montozha:0  
 sended 2:denis.kudriakov@gmail.com
 --------------- 
 16.09.16@20:27 Somebody ordered

Email: 
Phone: 
Color 
cena za m   shirina :mm
Summa zakaza =0 + cena montozha:0  
 sended 2:denis.kudriakov@gmail.com
 --------------- 
 20.09.16@11:29 Somebody ordered

Email: Здесь e-mail
Phone: 0508045339
Color Белый
cena za m 19.08  shirina :1020mm
Summa zakaza =19.4616 + cena montozha:6.81156  
 sended 2:denis.kudriakov@gmail.com
 --------------- 
 23.09.16@13:18 Somebody ordered

Email: yuriyirina3@hotmail.com
Phone: +380984301432
Color Бежевый мрамор
cena za m 19.08  shirina :1205mm
Summa zakaza =22.9914 + cena montozha:8.04699  
 sended 2:denis.kudriakov@gmail.com
 --------------- 
 23.09.16@18:26 Somebody ordered

Email: ruslan124@gmail.com
Phone: 0979262789
Color Белый
cena za m 6.36  shirina :1000mm
Summa zakaza =6.36 + cena montozha:2.226  
 sended 2:denis.kudriakov@gmail.com
 --------------- 
 23.09.16@19:51 Somebody ordered

Email: spatar@meta.ua
Phone: 093 365-4884
Color Светлый дуб
cena za m 25.44  shirina :3000mm
Summa zakaza =76.32 + cena montozha:26.712  
 sended 2:denis.kudriakov@gmail.com
 --------------- 
 28.09.16@13:45 Somebody ordered

Email: Здесь e-mail
Phone: 067 693-61-52
Color Золотой дуб
cena za m 28.62  shirina :1000mm
Summa zakaza =28.62 + cena montozha:10.017  
 sended 2:denis.kudriakov@gmail.com
 --------------- 
 29.09.16@10:25 Somebody ordered

Email: Здесь e-mail
Phone: 0509111607
Color Светлый дуб
cena za m 12.72  shirina :1900mm
Summa zakaza =24.168 + cena montozha:8.4588  
 sended 2:denis.kudriakov@gmail.com
 --------------- 
 30.09.16@11:18 Somebody ordered

Email: Здесь e-mail
Phone: 0672758187
Color Серый мрамор
cena za m 22.26  shirina :1000mm
Summa zakaza =22.26 + cena montozha:7.791  
 sended 2:denis.kudriakov@gmail.com
 --------------- 
 07.10.16@10:46 Somebody ordered

Email: Здесь e-mail
Phone: 0939862498
Color Серый мрамор
cena za m 19.08  shirina :2800mm
Summa zakaza =53.424 + cena montozha:18.6984  
 sended 2:denis.kudriakov@gmail.com
 --------------- 
 14.10.16@12:24 Somebody ordered

Email: Здесь e-mail
Phone: 0667415793
Color Белый
cena za m 19.08  shirina :4100mm
Summa zakaza =78.228 + cena montozha:27.3798  
 sended 2:denis.kudriakov@gmail.com
 --------------- 
 18.10.16@12:41 Somebody ordered

Email: 
Phone: 
Color 
cena za m   shirina :mm
Summa zakaza =0 + cena montozha:0  
 sended 2:denis.kudriakov@gmail.com
 --------------- 
 24.10.16@10:22 Somebody ordered

Email: schystrui_20@mail.ru
Phone: +380631723279
Color Белый
cena za m 38.16  shirina :1700mm
Summa zakaza =64.872 + cena montozha:22.7052  
 sended 2:denis.kudriakov@gmail.com
 --------------- 
 03.11.16@13:16 Somebody ordered

Email: Здесь e-mail
Phone: 0674436199
Color Белое дерево
cena za m 19.08  shirina :4300mm
Summa zakaza =82.044 + cena montozha:28.7154  
 sended 2:denis.kudriakov@gmail.com
 --------------- 
 19.11.16@11:59 Somebody ordered

Email: Здесь e-mail
Phone: 0980813487
Color Белый
cena za m 28.62  shirina :940mm
Summa zakaza =26.9028 + cena montozha:9.41598  
 sended 2:denis.kudriakov@gmail.com
 --------------- 
 19.11.16@16:00 Somebody ordered

Email: adara@ukr.net
Phone: Здесь номер телефона с кодом
Color Белый
cena za m 19.08  shirina :940mm
Summa zakaza =17.9352 + cena montozha:6.27732  
 sended 2:denis.kudriakov@gmail.com
 --------------- 
 19.11.16@17:32 Somebody ordered

Email: Здесь e-mail
Phone: 0937990899
Color Бежевый мрамор
cena za m 9.54  shirina :3500mm
Summa zakaza =33.39 + cena montozha:11.6865  
 sended 2:denis.kudriakov@gmail.com
 --------------- 
 29.01.17@08:45 Somebody ordered

Email: Здесь e-mail
Phone: 0937990899
Color Белый
cena za m 19.02  shirina :1000mm
Summa zakaza =19.02 + cena montozha:6.657  
 sended 2:denis.kudriakov@gmail.com
 --------------- 
 31.01.17@10:54 Somebody ordered

Email: Здесь e-mail
Phone: 3332-10-53
Color Белый
cena za m 19.02  shirina :1110mm
Summa zakaza =21.1122 + cena montozha:7.38927  
 sended 2:denis.kudriakov@gmail.com
 --------------- 
 31.01.17@16:00 Somebody ordered

Email: Здесь e-mail
Phone: +380504104619
Color Белое дерево
cena za m 22.19  shirina :2000mm
Summa zakaza =44.38 + cena montozha:15.533  
 sended 2:denis.kudriakov@gmail.com
 --------------- 
 01.02.17@00:50 Somebody ordered

Email: 
Phone: 
Color 
cena za m   shirina :mm
Summa zakaza =0 + cena montozha:0  
 sended 2:denis.kudriakov@gmail.com
 --------------- 
 10.02.17@15:21 Somebody ordered

Email: Здесь e-mail
Phone: 0635859989
Color Белый
cena za m 19.02  shirina :1000mm
Summa zakaza =19.02 + cena montozha:6.657  
 sended 2:denis.kudriakov@gmail.com
 --------------- 
 10.02.17@19:58 Somebody ordered

Email: Здесь e-mail
Phone: +380636171888
Color Белый
cena za m 15.85  shirina :2100mm
Summa zakaza =33.285 + cena montozha:11.64975  
 sended 2:denis.kudriakov@gmail.com
 --------------- 
 02.03.17@20:11 Somebody ordered

Email: Talamama@gmail.com
Phone: 0674772158
Color Бежевый мрамор
cena za m 25.39  shirina :1000mm
Summa zakaza =25.39 + cena montozha:8.8865  
 sended 2:denis.kudriakov@gmail.com
 --------------- 
 02.03.17@20:12 Somebody ordered

Email: Talamama@gmail.com
Phone: 0674772158
Color Белое дерево
cena za m 25.39  shirina :1000mm
Summa zakaza =25.39 + cena montozha:8.8865  
 sended 2:denis.kudriakov@gmail.com
 --------------- 
 03.03.17@09:26 Somebody ordered

Email: preis.iryna@sportlife.kiev.ua
Phone: 0977633437
Color Белое дерево
cena za m 9.52  shirina :4700mm
Summa zakaza =44.744 + cena montozha:15.6604  
 sended 2:denis.kudriakov@gmail.com
 --------------- 
 07.03.17@11:49 Somebody ordered

Email: Здесь e-mail
Phone: +380504182424
Color Белый
cena za m 15.87  shirina :2900mm
Summa zakaza =46.023 + cena montozha:16.10805  
 sended 2:denis.kudriakov@gmail.com
 --------------- 
 18.03.17@21:12 Somebody ordered

Email: ts1549@mail.ru
Phone: 0994489234
Color Белый
cena za m 38.08  shirina :1800mm
Summa zakaza =68.544 + cena montozha:23.9904  
 sended 2:denis.kudriakov@gmail.com
 --------------- 
 22.03.17@09:42 Somebody ordered

Email: Здесь e-mail
Phone: +380971314004
Color Серый мрамор
cena za m 15.87  shirina :з200mm
Summa zakaza =48.4035 + cena montozha:16.941225  
 sended 2:denis.kudriakov@gmail.com
 --------------- 
 23.03.17@14:02 Somebody ordered

Email: l.labza@energyconsulting.kiev.ua
Phone: Здесь номер телефона с кодом
Color Белый
cena za m 19.04  shirina :400mm
Summa zakaza =7.616 + cena montozha:2.6656  
 sended 2:denis.kudriakov@gmail.com
 --------------- 
 07.04.17@10:14 Somebody ordered

Email: tanyaopsa@gmail.com
Phone: (066) 7260348
Color Белый
cena za m 15.87  shirina :1075mm
Summa zakaza =17.06025 + cena montozha:5.9710875  
 sended 2:denis.kudriakov@gmail.com
 --------------- 
 06.06.17@14:27 Somebody ordered

Email: Здесь e-mail
Phone: 0675094484
Color Белый
cena za m 15.90  shirina :885mm
Summa zakaza =14.0715 + cena montozha:4.925025  
 sended 2:denis.kudriakov@gmail.com
 --------------- 
 10.07.17@15:27 Somebody ordered

Email: Здесь e-mail
Phone: 0675069727
Color Белый
cena za m 18.72  shirina :1600mm
Summa zakaza =29.952 + cena montozha:10.4832  
 sended 2:denis.kudriakov@gmail.com
 --------------- 
 03.08.17@00:03 Somebody ordered

Email: 
Phone: 
Color 
cena za m   shirina :mm
Summa zakaza =0 + cena montozha:0  
 sended 2:denis.kudriakov@gmail.com
 --------------- 
 03.08.17@09:15 Somebody ordered

Email: gjj@ghh.fg
Phone: Здесь номер телефона с кодом
Color Белый
cena za m 18.72  shirina :1000mm
Summa zakaza =18.72 + cena montozha:6.552  
 sended 2:denis.kudriakov@gmail.com
 --------------- 
 09.08.17@15:28 Somebody ordered

Email: ahmetovaa@ukr.net
Phone: Здесь номер телефона с кодом
Color Белый
cena za m 21.84  shirina :2300mm
Summa zakaza =50.232 + cena montozha:17.5812  
 sended 2:denis.kudriakov@gmail.com
 --------------- 
 06.04.18@17:58 Somebody ordered

Email: 
Phone: 
Color 
cena za m   shirina :mm
Summa zakaza =0 + cena montozha:0  
 sended 2:denis.kudriakov@gmail.com
 --------------- 
 28.04.18@13:27 Somebody ordered

Email: test@test.com
Phone: Здесь номер телефона с кодом
Color Белый
cena za m 19.06  shirina :1000mm
Summa zakaza =19.06 + cena montozha:6.671  
 sended 2:denis.kudriakov@gmail.com
 --------------- 
 08.06.18@18:24 Somebody ordered

Email: galya.sinkevich.53@gmail.com
Phone: 0935737310
Color Белый
cena za m 19.06  shirina :1000mm
Summa zakaza =19.06 + cena montozha:6.671  
 sended 2:denis.kudriakov@gmail.com
 --------------- 
 24.06.18@19:36 Somebody ordered

Email: 
Phone: 
Color 
cena za m   shirina :mm
Summa zakaza =0 + cena montozha:0  
 sended 2:denis.kudriakov@gmail.com
 --------------- 
 27.06.18@14:44 Somebody ordered

Email: Здесь e-mail
Phone: 0674666627
Color Бежевый мрамор
cena za m 19.06  shirina :1000mm
Summa zakaza =19.06 + cena montozha:6.671  
 sended 2:denis.kudriakov@gmail.com
 --------------- 
 05.07.18@11:55 Somebody ordered

Email: vvetallica@gmail.com
Phone: 0672430433
Color Серый мрамор
cena za m 19.06  shirina :1200mm
Summa zakaza =22.872 + cena montozha:8.0052  
 sended 2:denis.kudriakov@gmail.com
 --------------- 
 11.07.18@11:43 Somebody ordered

Email: vvetallica@gmail.com
Phone: 0672430433
Color Серый мрамор
cena za m 19.06  shirina :1900mm
Summa zakaza =36.214 + cena montozha:12.6749  
 sended 2:denis.kudriakov@gmail.com
 --------------- 
 23.07.18@18:33 Somebody ordered

Email: Здесь e-mail
Phone: 0674984654
Color Белый
cena za m 38.12  shirina :1700mm
Summa zakaza =64.804 + cena montozha:22.6814  
 sended 2:denis.kudriakov@gmail.com
 --------------- 
 29.07.18@14:26 Somebody ordered

Email: Здесь e-mail
Phone: 0665520642
Color Белый
cena za m 6.35  shirina :3340mm
Summa zakaza =21.209 + cena montozha:7.42315  
 sended 2:denis.kudriakov@gmail.com
 --------------- 
 19.10.18@10:40 Somebody ordered

Email: Здесь e-mail
Phone: 0963770746
Color Белый
cena za m 15.55  shirina :260mm
Summa zakaza =4.043 + cena montozha:1.41505  
 sended 2:denis.kudriakov@gmail.com
 --------------- 
 21.10.18@20:55 Somebody ordered

Email: 
Phone: 
Color 
cena za m   shirina :mm
Summa zakaza =0 + cena montozha:0  
 sended 2:denis.kudriakov@gmail.com
 --------------- 
 28.10.18@03:59 Somebody ordered

Email: 
Phone: 
Color 
cena za m   shirina :mm
Summa zakaza =0 + cena montozha:0  
 sended 2:denis.kudriakov@gmail.com
 --------------- 
 28.10.18@18:14 Somebody ordered

Email: alexeybida@gmail.com
Phone: +380508886979
Color Белый
cena za m 6.22  shirina :2900mm
Summa zakaza =18.038 + cena montozha:6.3133  
 sended 2:denis.kudriakov@gmail.com
 --------------- 
 03.11.18@09:11 Somebody ordered

Email: Здесь e-mail
Phone: 0687770729
Color Серый мрамор
cena za m 12.44  shirina :3200mm
Summa zakaza =39.808 + cena montozha:13.9328  
 sended 2:denis.kudriakov@gmail.com
 --------------- 
 03.11.18@09:12 Somebody ordered

Email: Здесь e-mail
Phone: 0687770729
Color Серый мрамор
cena za m 12.44  shirina :1700mm
Summa zakaza =21.148 + cena montozha:7.4018  
 sended 2:denis.kudriakov@gmail.com
 --------------- 
 08.11.18@13:06 Somebody ordered

Email: momotdim@gmail.com
Phone: +380504138718
Color Белый
cena za m 12.44  shirina :3000mm
Summa zakaza =37.32 + cena montozha:13.062  
 sended 2:denis.kudriakov@gmail.com
 --------------- 
 11.12.18@09:30 Somebody ordered

Email: Здесь e-mail
Phone: 0676738759
Color Белый
cena za m 18.66  shirina :900mm
Summa zakaza =16.794 + cena montozha:5.8779  
 sended 2:denis.kudriakov@gmail.com
 --------------- 
 11.12.18@09:30 Somebody ordered

Email: Здесь e-mail
Phone: 0676738759
Color Белый
cena za m 18.66  shirina :900mm
Summa zakaza =16.794 + cena montozha:5.8779  
 sended 2:denis.kudriakov@gmail.com
 --------------- 
 11.12.18@09:31 Somebody ordered

Email: Здесь e-mail
Phone: 0676738759
Color Белый
cena za m 9.33  shirina :900mm
Summa zakaza =8.397 + cena montozha:2.93895  
 sended 2:denis.kudriakov@gmail.com
 --------------- 
 11.12.18@09:31 Somebody ordered

Email: Здесь e-mail
Phone: 0676738759
Color Белый
cena za m 18.66  shirina :2100mm
Summa zakaza =39.186 + cena montozha:13.7151  
 sended 2:denis.kudriakov@gmail.com
 --------------- 
 04.01.19@18:59 Somebody ordered

Email: 
Phone: 
Color 
cena za m   shirina :mm
Summa zakaza =0 + cena montozha:0  
 sended 2:denis.kudriakov@gmail.com
 --------------- 
 28.01.19@14:18 Somebody ordered

Email: arlait@ukr.net
Phone: 0508418551
Color Белый
cena za m 24.89  shirina :4000mm
Summa zakaza =99.56 + cena montozha:34.846  
 sended 2:denis.kudriakov@gmail.com
 --------------- 
 12.03.19@15:37 Somebody ordered

Email: osa2406@ukr.net
Phone: +38(067)724-71-17
Color Белый
cena za m 43.61  shirina :1960mm
Summa zakaza =85.4756 + cena montozha:29.91646  
 sended 2:denis.kudriakov@gmail.com
 --------------- 
 12.03.19@15:38 Somebody ordered

Email: osa2406@ukr.net
Phone: +38(067)724-71-17
Color Белый
cena za m 43.61  shirina :1500mm
Summa zakaza =65.415 + cena montozha:22.89525  
 sended 2:denis.kudriakov@gmail.com
 --------------- 
 21.03.19@15:16 Somebody ordered

Email: Здесь e-mail
Phone: +380972660664
Color Золотой дуб (остатки)
cena za m 12.46  shirina :900mm
Summa zakaza =11.214 + cena montozha:3.9249  
 sended 2:denis.kudriakov@gmail.com
 --------------- 
 25.03.19@14:44 Somebody ordered

Email: Здесь e-mail
Phone: 095- 327-69-79
Color Венге
cena za m 18.69  shirina :500mm
Summa zakaza =9.345 + cena montozha:3.27075  
 sended 2:denis.kudriakov@gmail.com
 --------------- 
 13.05.19@13:17 Somebody ordered

Email: Здесь e-mail
Phone: 0503579210
Color Белый
cena za m 9.35  shirina :1300mm
Summa zakaza =12.155 + cena montozha:4.25425  
 sended 2:denis.kudriakov@gmail.com
 ---------------