 
 08.10.13@12:38 
Error Message failed
 08.10.13@12:38 Somebody ordered

Email: Здесь e-mail
Phone: Здесь номер телефона с кодом
Color 
Glubina 18.87 shirina1000mm
Cena =18.87 cena montozha6.6045
 ---------------<br><hr>
 
 08.10.13@12:41 
Error Message failed
 08.10.13@12:41 Somebody ordered

Email: Здесь e-mail
Phone: Здесь номер телефона с кодом
Color 
Glubina 18.87 shirina1000mm
Cena =18.87 cena montozha6.6045
 ---------------<br><hr>
 
 08.10.13@12:41 
Error Message failed
 08.10.13@12:41 Somebody ordered

Email: Здесь e-mail
Phone: Здесь номер телефона с кодом
Color 
Glubina 18.87 shirina2450mm
Cena =46.2315 cena montozha16.181025
 ---------------<br><hr>
 
 08.10.13@13:17 
Error Message failed
 08.10.13@13:17 Somebody ordered

Email: zlodey@ukrpost.net
Phone: Здесь номер телефона с кодом
Color 
Glubina 18.87 shirina1000mm
Cena =18.87 cena montozha6.6045
 ---------------<br><hr>
 
 08.10.13@13:17 
Error Message failed
 08.10.13@13:17 Somebody ordered

Email: Здесь e-mail
Phone: Здесь номер телефона с кодом
Color 
Glubina 18.87 shirina1000mm
Cena =18.87 cena montozha6.6045
 ---------------<br><hr>
 
 08.10.13@13:21 
Error Message failed
 08.10.13@13:21 Somebody ordered

Email: Здесь e-mail
Phone: Здесь номер телефона с кодом
Color 
Glubina 18.87 shirina1000mm
Cena =18.87 cena montozha6.6045
 ---------------<br><hr>
 
 08.10.13@13:31 
Error Message failed
 08.10.13@13:31 Somebody ordered

Email: Здесь e-mail
Phone: Здесь номер телефона с кодом
Color 
Glubina 18.87 shirina1000mm
Cena =18.87 cena montozha6.6045
 ---------------<br><hr>
 
 01.09.17@11:11 
Error Message failed
 01.09.17@11:11 Somebody ordered

Email: Здесь e-mail
Phone: 0939944900
Color Белый
cena za m 18.72  shirina :1000mm
Summa zakaza =18.72 + cena montozha:6.552
 ---------------<br><hr>
 
 01.09.17@11:11 
Error Message failed
 01.09.17@11:11 Somebody ordered

Email: 
Phone: 
Color 
cena za m   shirina :mm
Summa zakaza =0 + cena montozha:0
 ---------------<br><hr>
 
 01.09.17@11:12 
Error Message failed
 01.09.17@11:12 Somebody ordered

Email: gjh@fh.cc
Phone: Здесь номер телефона с кодом
Color Белый
cena za m 18.72  shirina :1000mm
Summa zakaza =18.72 + cena montozha:6.552
 ---------------<br><hr>
 
 01.09.17@11:12 
Error Message failed
 01.09.17@11:12 Somebody ordered

Email: 
Phone: 
Color 
cena za m   shirina :mm
Summa zakaza =0 + cena montozha:0
 ---------------<br><hr>
 
 03.10.17@12:55 
Error Message failed
 03.10.17@12:55 Somebody ordered

Email: 
Phone: 
Color 
cena za m   shirina :mm
Summa zakaza =0 + cena montozha:0
 ---------------<br><hr>
 
 07.10.17@10:09 
Error Message failed
 07.10.17@10:09 Somebody ordered

Email: Здесь e-mail
Phone: 0503560624
Color Белый
cena za m 12.45  shirina :6000mm
Summa zakaza =74.7 + cena montozha:26.145
 ---------------<br><hr>
 
 07.10.17@10:12 
Error Message failed
 07.10.17@10:12 Somebody ordered

Email: Здесь e-mail
Phone: +380503560624
Color Золотой дуб
cena za m 15.56  shirina :6000mm
Summa zakaza =93.36 + cena montozha:32.676
 ---------------<br><hr>
 
 17.11.17@10:26 
Error Message failed
 17.11.17@10:26 Somebody ordered

Email: Здесь e-mail
Phone: 0679132071
Color Белый
cena za m 18.69  shirina :185mm
Summa zakaza =3.45765 + cena montozha:1.2101775
 ---------------<br><hr>
 
 22.11.17@14:27 
Error Message failed
 22.11.17@14:27 Somebody ordered

Email: Amfyton@ukr.net
Phone: +380509743719
Color Белый
cena za m 24.92  shirina :1650mm
Summa zakaza =41.118 + cena montozha:14.3913
 ---------------<br><hr>
 
 27.11.17@10:42 
Error Message failed
 27.11.17@10:42 Somebody ordered

Email: alexeitarkov@gmail.com
Phone: +380674037392
Color Белый
cena za m 18.69  shirina :2895mm
Summa zakaza =54.10755 + cena montozha:18.9376425
 ---------------<br><hr>
 
 27.11.17@11:26 
Error Message failed
 27.11.17@11:26 Somebody ordered

Email: alexeitarkov@gmail.com
Phone: +380674037392
Color Белый
cena za m 18.69  shirina :2895mm
Summa zakaza =54.10755 + cena montozha:18.9376425
 ---------------<br><hr>
 
 27.11.17@11:56 
Error Message failed
 27.11.17@11:56 Somebody ordered

Email: Здесь e-mail
Phone: 0503101743
Color Коричневый дуб
cena za m 21.81  shirina :1700mm
Summa zakaza =37.077 + cena montozha:12.97695
 ---------------<br><hr>
 
 27.11.17@11:57 
Error Message failed
 27.11.17@11:57 Somebody ordered

Email: Здесь e-mail
Phone: +380503101743
Color Венге
cena za m 21.81  shirina :1700mm
Summa zakaza =37.077 + cena montozha:12.97695
 ---------------<br><hr>
 
 19.12.17@17:48 
Error Message failed
 19.12.17@17:48 Somebody ordered

Email: Здесь e-mail
Phone: +380967751395
Color Светлый дуб
cena za m 6.23  shirina :3850mm
Summa zakaza =23.9855 + cena montozha:8.394925
 ---------------<br><hr>
 
 10.01.18@11:09 
Error Message failed
 10.01.18@11:09 Somebody ordered

Email: Здесь e-mail
Phone: +380953594265
Color Белый
cena za m 9.34  shirina :3100mm
Summa zakaza =28.954 + cena montozha:10.1339
 ---------------<br><hr>
 
 10.01.18@11:09 
Error Message failed
 10.01.18@11:09 Somebody ordered

Email: Здесь e-mail
Phone: +380953594265
Color Белый
cena za m 9.34  shirina :3100mm
Summa zakaza =28.954 + cena montozha:10.1339
 ---------------<br><hr>
 
 10.01.18@11:09 
Error Message failed
 10.01.18@11:09 Somebody ordered

Email: Здесь e-mail
Phone: +380953594265
Color Белый
cena za m 9.34  shirina :3100mm
Summa zakaza =28.954 + cena montozha:10.1339
 ---------------<br><hr>
 
 10.01.18@11:20 
Error Message failed
 10.01.18@11:20 Somebody ordered

Email: Здесь e-mail
Phone: 0953594265
Color Белый
cena za m 9.34  shirina :3100mm
Summa zakaza =28.954 + cena montozha:10.1339
 ---------------<br><hr>
 
 04.02.18@12:29 
Error Message failed
 04.02.18@12:29 Somebody ordered

Email: Здесь e-mail
Phone: 323232
Color Белый
cena za m 18.67  shirina :1000mm
Summa zakaza =18.67 + cena montozha:6.5345
 ---------------<br><hr>
 
 23.02.18@12:00 
Error Message failed
 23.02.18@12:00 Somebody ordered

Email: Здесь e-mail
Phone: 0662701950
Color Светлый дуб
cena za m 12.68  shirina :1900mm
Summa zakaza =24.092 + cena montozha:8.4322
 ---------------<br><hr>
 
 27.02.18@12:58 
Error Message failed
 27.02.18@12:58 Somebody ordered

Email: Здесь e-mail
Phone: 0966083349
Color Белое дерево
cena za m 24.92  shirina :1000mm
Summa zakaza =24.92 + cena montozha:8.722
 ---------------<br><hr>
 
 27.02.18@12:59 
Error Message failed
 27.02.18@12:59 Somebody ordered

Email: Здесь e-mail
Phone: 0966083349
Color Бежевый мрамор
cena za m 24.92  shirina :1050mm
Summa zakaza =26.166 + cena montozha:9.1581
 ---------------<br><hr>
 
 14.03.18@14:58 
Error Message failed
 14.03.18@14:58 Somebody ordered

Email: tanyavoltchenko@yahoo.com
Phone: +38(067)2332319
Color Белое дерево
cena za m 12.46  shirina :2030mm
Summa zakaza =25.2938 + cena montozha:8.85283
 ---------------<br><hr>
 
 14.03.18@15:08 
Error Message failed
 14.03.18@15:08 Somebody ordered

Email: tanyavoltchenko@yahoo.com
Phone: +38(067)233-23-19
Color Белое дерево
cena za m 12.46  shirina :2030mm
Summa zakaza =25.2938 + cena montozha:8.85283
 ---------------<br><hr>
