 
 08.10.13@12:38 
Error Message failed
 08.10.13@12:38 Somebody ordered

Email: Здесь e-mail
Phone: Здесь номер телефона с кодом
Color 
Glubina 18.87 shirina1000mm
Cena =18.87 cena montozha6.6045
 ---------------<br><hr>
 
 08.10.13@12:41 
Error Message failed
 08.10.13@12:41 Somebody ordered

Email: Здесь e-mail
Phone: Здесь номер телефона с кодом
Color 
Glubina 18.87 shirina1000mm
Cena =18.87 cena montozha6.6045
 ---------------<br><hr>
 
 08.10.13@12:41 
Error Message failed
 08.10.13@12:41 Somebody ordered

Email: Здесь e-mail
Phone: Здесь номер телефона с кодом
Color 
Glubina 18.87 shirina2450mm
Cena =46.2315 cena montozha16.181025
 ---------------<br><hr>
 
 08.10.13@13:17 
Error Message failed
 08.10.13@13:17 Somebody ordered

Email: zlodey@ukrpost.net
Phone: Здесь номер телефона с кодом
Color 
Glubina 18.87 shirina1000mm
Cena =18.87 cena montozha6.6045
 ---------------<br><hr>
 
 08.10.13@13:17 
Error Message failed
 08.10.13@13:17 Somebody ordered

Email: Здесь e-mail
Phone: Здесь номер телефона с кодом
Color 
Glubina 18.87 shirina1000mm
Cena =18.87 cena montozha6.6045
 ---------------<br><hr>
 
 08.10.13@13:21 
Error Message failed
 08.10.13@13:21 Somebody ordered

Email: Здесь e-mail
Phone: Здесь номер телефона с кодом
Color 
Glubina 18.87 shirina1000mm
Cena =18.87 cena montozha6.6045
 ---------------<br><hr>
 
 08.10.13@13:31 
Error Message failed
 08.10.13@13:31 Somebody ordered

Email: Здесь e-mail
Phone: Здесь номер телефона с кодом
Color 
Glubina 18.87 shirina1000mm
Cena =18.87 cena montozha6.6045
 ---------------<br><hr>
 
 01.09.17@11:14 
Error Message failed
 01.09.17@11:14 Somebody ordered

Email: Тут e-mail
Phone: 0939944900
Color Білий
cena za m 18.72  shirina :1000mm
Summa zakaza =18.72 + cena montozha:6.552
 ---------------<br><hr>
 
 01.09.17@11:14 
Error Message failed
 01.09.17@11:14 Somebody ordered

Email: 
Phone: 
Color 
cena za m   shirina :mm
Summa zakaza =0 + cena montozha:0
 ---------------<br><hr>
 
 19.02.18@13:28 
Error Message failed
 19.02.18@13:28 Somebody ordered

Email: Тут e-mail
Phone: 0632411762
Color Білий
cena za m 12.66  shirina :1700mm
Summa zakaza =21.522 + cena montozha:7.5327
 ---------------<br><hr>
 
 22.02.18@13:01 
Error Message failed
 22.02.18@13:01 Somebody ordered

Email: Тут e-mail
Phone: 0673084462
Color Білий
cena za m 12.46  shirina :870mm
Summa zakaza =10.8402 + cena montozha:3.79407
 ---------------<br><hr>
 
 14.03.18@14:50 
Error Message failed
 14.03.18@14:50 Somebody ordered

Email: Тут e-mail
Phone: 0675953277
Color Біле дерево
cena za m 9.34  shirina :1300mm
Summa zakaza =12.142 + cena montozha:4.2497
 ---------------<br><hr>
 
 14.03.18@14:55 
Error Message failed
 14.03.18@14:55 Somebody ordered

Email: Тут e-mail
Phone: +380675953277
Color Біле дерево
cena za m 9.34  shirina :1000mm
Summa zakaza =9.34 + cena montozha:3.269
 ---------------<br><hr>
